============================= test session starts =============================
platform win32 -- Python 3.13.7, pytest-8.4.2, pluggy-1.6.0 -- C:\tools\python13\python.exe
cachedir: .pytest_cache
rootdir: C:\Users\niteris\dev\fbuild
configfile: pyproject.toml
plugins: anyio-4.10.0, base-url-2.1.0, cov-7.0.0, playwright-0.7.2, timeout-2.4.0, xdist-3.8.0, typeguard-4.4.4
collecting ... collected 4 items

test_psram_config.py::test_psram_detection_xiao_esp32s3 SKIPPED (get...)
test_psram_config.py::test_build_flags_respect_no_psram FAILED
test_psram_config.py::test_psram_board_list_includes_xiao SKIPPED (N...)
test_psram_config.py::test_psram_crash_prevention SKIPPED (Could not...)

================================== FAILURES ===================================
______________________ test_build_flags_respect_no_psram ______________________
test_psram_config.py:110: in test_build_flags_respect_no_psram
    assert hasattr(orch, "board_has_psram"), (
E   AssertionError: OrchestratorESP32 missing 'board_has_psram' method. Phase 4 needs to implement PSRAM detection logic.
E   assert False
E    +  where False = hasattr(<fbuild.build.orchestrator_esp32.OrchestratorESP32 object at 0x000001F2DFE99160>, 'board_has_psram')
=========================== short test summary info ===========================
FAILED test_psram_config.py::test_build_flags_respect_no_psram - AssertionErr...
======================== 1 failed, 3 skipped in 0.72s =========================
